#! /usr/bin/vvp
:ivl_version "10.1 (stable)";
:ivl_delay_selection "TYPICAL";
:vpi_time_precision + 0;
:vpi_module "system";
:vpi_module "vhdl_sys";
:vpi_module "v2005_math";
:vpi_module "va_math";
S_0x7fffc215ce10 .scope module, "Instruction_Fetch_tb" "Instruction_Fetch_tb" 2 46;
 .timescale 0 0;
v0x7fffc217e3b0_0 .var "clk", 0 0;
v0x7fffc217e470_0 .net "curr_instr", 31 0, L_0x7fffc218e920;  1 drivers
v0x7fffc217e580_0 .var "rst", 0 0;
S_0x7fffc215cf90 .scope module, "I" "Instruction_Fetch" 2 54, 2 19 0, S_0x7fffc215ce10;
 .timescale 0 0;
    .port_info 0 /INPUT 1 "rst"
    .port_info 1 /OUTPUT 32 "curr_instr"
v0x7fffc217dcb0_0 .net "PC", 31 0, v0x7fffc217db00_0;  1 drivers
v0x7fffc217dde0_0 .net *"_s0", 31 0, L_0x7fffc218e880;  1 drivers
L_0x7f1c02af0060 .functor BUFT 1, C4<00000000000000000000000000000100>, C4<0>, C4<0>, C4<0>;
v0x7fffc217dec0_0 .net/2u *"_s2", 31 0, L_0x7f1c02af0060;  1 drivers
v0x7fffc217df80_0 .var "clk", 0 0;
v0x7fffc217e020_0 .net "curr_instr", 31 0, L_0x7fffc218e920;  alias, 1 drivers
v0x7fffc217e110_0 .net "curr_line", 31 0, L_0x7fffc218e9f0;  1 drivers
v0x7fffc217e1e0_0 .var "offset", 31 0;
v0x7fffc217e2a0_0 .net "rst", 0 0, v0x7fffc217e580_0;  1 drivers
L_0x7fffc218e880 .arith/sub 32, v0x7fffc217db00_0, v0x7fffc217e1e0_0;
L_0x7fffc218e9f0 .arith/div 32, L_0x7fffc218e880, L_0x7f1c02af0060;
S_0x7fffc215d110 .scope module, "M" "Instruction_Memory" 2 42, 2 3 0, S_0x7fffc215cf90;
 .timescale 0 0;
    .port_info 0 /INPUT 32 "curr_line"
    .port_info 1 /OUTPUT 32 "curr_instr"
L_0x7fffc218e920 .functor BUFZ 32, L_0x7fffc218eb30, C4<00000000000000000000000000000000>, C4<00000000000000000000000000000000>, C4<00000000000000000000000000000000>;
v0x7fffc215d290_0 .net *"_s0", 31 0, L_0x7fffc218eb30;  1 drivers
v0x7fffc217ccb0_0 .net "curr_instr", 31 0, L_0x7fffc218e920;  alias, 1 drivers
v0x7fffc217cd90_0 .net "curr_line", 31 0, L_0x7fffc218e9f0;  alias, 1 drivers
v0x7fffc217ce50 .array "instruction_memory", 100 0, 31 0;
L_0x7fffc218eb30 .array/port v0x7fffc217ce50, L_0x7fffc218e9f0;
S_0x7fffc217cf70 .scope module, "p" "ProgramCounter" 2 37, 3 12 0, S_0x7fffc215cf90;
 .timescale 0 0;
    .port_info 0 /INPUT 32 "new_PC"
    .port_info 1 /INPUT 1 "clk"
    .port_info 2 /INPUT 1 "rst"
    .port_info 3 /OUTPUT 32 "PC"
v0x7fffc217d830_0 .net "PC", 31 0, v0x7fffc217db00_0;  alias, 1 drivers
v0x7fffc217d8f0_0 .net "clk", 0 0, v0x7fffc217df80_0;  1 drivers
v0x7fffc217d990_0 .net "new_PC", 31 0, L_0x7fffc218e6b0;  1 drivers
v0x7fffc217da60_0 .net "rst", 0 0, v0x7fffc217e580_0;  alias, 1 drivers
v0x7fffc217db00_0 .var "update_PC", 31 0;
E_0x7fffc2152110 .event posedge, v0x7fffc217d8f0_0;
E_0x7fffc21502e0 .event edge, v0x7fffc217da60_0;
S_0x7fffc217d1f0 .scope module, "upc" "update_PC" 3 22, 3 1 0, S_0x7fffc217cf70;
 .timescale 0 0;
    .port_info 0 /INPUT 32 "PC"
    .port_info 1 /INPUT 1 "clk"
    .port_info 2 /OUTPUT 32 "new_PC"
v0x7fffc217d450_0 .net "PC", 31 0, v0x7fffc217db00_0;  alias, 1 drivers
L_0x7f1c02af0018 .functor BUFT 1, C4<00000000000000000000000000000100>, C4<0>, C4<0>, C4<0>;
v0x7fffc217d550_0 .net/2u *"_s0", 31 0, L_0x7f1c02af0018;  1 drivers
o0x7f1c02b40168 .functor BUFZ 1, C4<z>; HiZ drive
v0x7fffc217d630_0 .net "clk", 0 0, o0x7f1c02b40168;  0 drivers
v0x7fffc217d6d0_0 .net "new_PC", 31 0, L_0x7fffc218e6b0;  alias, 1 drivers
L_0x7fffc218e6b0 .arith/sum 32, v0x7fffc217db00_0, L_0x7f1c02af0018;
    .scope S_0x7fffc217cf70;
T_0 ;
    %wait E_0x7fffc21502e0;
    %load/vec4 v0x7fffc217da60_0;
    %flag_set/vec4 8;
    %jmp/0xz  T_0.0, 8;
    %pushi/vec4 2808348672, 0, 32;
    %store/vec4 v0x7fffc217db00_0, 0, 32;
T_0.0 ;
    %jmp T_0;
    .thread T_0, $push;
    .scope S_0x7fffc217cf70;
T_1 ;
    %wait E_0x7fffc2152110;
    %load/vec4 v0x7fffc217d990_0;
    %store/vec4 v0x7fffc217db00_0, 0, 32;
    %jmp T_1;
    .thread T_1;
    .scope S_0x7fffc215d110;
T_2 ;
    %vpi_call 2 12 "$readmemb", "instructions.mem", v0x7fffc217ce50 {0 0 0};
    %end;
    .thread T_2;
    .scope S_0x7fffc215cf90;
T_3 ;
    %pushi/vec4 0, 0, 1;
    %store/vec4 v0x7fffc217df80_0, 0, 1;
    %delay 40, 0;
T_3.0 ;
    %delay 20, 0;
    %load/vec4 v0x7fffc217df80_0;
    %inv;
    %store/vec4 v0x7fffc217df80_0, 0, 1;
    %jmp T_3.0;
    %end;
    .thread T_3;
    .scope S_0x7fffc215cf90;
T_4 ;
    %pushi/vec4 2808348672, 0, 32;
    %store/vec4 v0x7fffc217e1e0_0, 0, 32;
    %end;
    .thread T_4;
    .scope S_0x7fffc215ce10;
T_5 ;
    %pushi/vec4 0, 0, 1;
    %store/vec4 v0x7fffc217e3b0_0, 0, 1;
    %end;
    .thread T_5;
    .scope S_0x7fffc215ce10;
T_6 ;
    %pushi/vec4 0, 0, 1;
    %store/vec4 v0x7fffc217e580_0, 0, 1;
    %end;
    .thread T_6;
    .scope S_0x7fffc215ce10;
T_7 ;
    %delay 100, 0;
    %load/vec4 v0x7fffc217e3b0_0;
    %inv;
    %store/vec4 v0x7fffc217e3b0_0, 0, 1;
    %jmp T_7;
    .thread T_7;
    .scope S_0x7fffc215ce10;
T_8 ;
    %pushi/vec4 1, 0, 1;
    %store/vec4 v0x7fffc217e580_0, 0, 1;
    %delay 60, 0;
    %pushi/vec4 0, 0, 1;
    %store/vec4 v0x7fffc217e580_0, 0, 1;
    %vpi_call 2 63 "$monitor", "Instruction %32b fetched at time %d", v0x7fffc217e470_0, $time {0 0 0};
    %delay 1000, 0;
    %vpi_call 2 66 "$finish" {0 0 0};
    %end;
    .thread T_8;
# The file index is used to find the file name in the following table.
:file_names 4;
    "N/A";
    "<interactive>";
    "instruction_fetch.v";
    "./../instruction_fetch/program_counter.v";
